--------------------NETWORK--------------------
Router 0 UDP port: 40000
    Neighbors:
    Neighbor ID: 2 cost: 40 UDP port: 40002
    Neighbor ID: 4 cost: 60 UDP port: 40004
    Neighbor ID: 9 cost: 40 UDP port: 40009
Router 1 UDP port: 40001
    Neighbors:
    Neighbor ID: 8 cost: 70 UDP port: 40008
Router 2 UDP port: 40002
    Neighbors:
    Neighbor ID: 0 cost: 40 UDP port: 40000
    Neighbor ID: 6 cost: 70 UDP port: 40006
Router 3 UDP port: 40003
    Neighbors:
    Neighbor ID: 5 cost: 70 UDP port: 40005
    Neighbor ID: 8 cost: 70 UDP port: 40008
    Neighbor ID: 9 cost: 20 UDP port: 40009
Router 4 UDP port: 40004
    Neighbors:
    Neighbor ID: 0 cost: 60 UDP port: 40000
    Neighbor ID: 6 cost: 40 UDP port: 40006
    Neighbor ID: 7 cost: 70 UDP port: 40007
Router 5 UDP port: 40005
    Neighbors:
    Neighbor ID: 3 cost: 70 UDP port: 40003
    Neighbor ID: 7 cost: 40 UDP port: 40007
    Neighbor ID: 9 cost: 70 UDP port: 40009
Router 6 UDP port: 40006
    Neighbors:
    Neighbor ID: 2 cost: 70 UDP port: 40002
    Neighbor ID: 4 cost: 40 UDP port: 40004
Router 7 UDP port: 40007
    Neighbors:
    Neighbor ID: 4 cost: 70 UDP port: 40004
    Neighbor ID: 5 cost: 40 UDP port: 40005
    Neighbor ID: 9 cost: 60 UDP port: 40009
Router 8 UDP port: 40008
    Neighbors:
    Neighbor ID: 1 cost: 70 UDP port: 40001
    Neighbor ID: 3 cost: 70 UDP port: 40003
    Neighbor ID: 9 cost: 70 UDP port: 40009
Router 9 UDP port: 40009
    Neighbors:
    Neighbor ID: 0 cost: 40 UDP port: 40000
    Neighbor ID: 3 cost: 20 UDP port: 40003
    Neighbor ID: 5 cost: 70 UDP port: 40005
    Neighbor ID: 7 cost: 60 UDP port: 40007
    Neighbor ID: 8 cost: 70 UDP port: 40008

--------------------ROUTING TABLE--------------------
ROUTER ID___COST____PREV ROUTER
0....................180..............9
1....................0..............1
2....................220..............0
3....................140..............8
4....................240..............0
5....................210..............3
6....................280..............4
7....................200..............9
8....................70..............1
9....................140..............8
