-----------------------MANAGER-----------------------

Time 09:32:26:858	Topology: 
			SOURCE	DEST	COST
			0	1	1	
			0	2	5	
			1	2	3	
			2	3	2	

Time 09:32:26:858	Listening for routers...

Time 09:32:26:858	Starting router 0...
Time 09:32:26:863	Connected to router 0
Time 09:32:26:863	Received from router 0: Hello manager!
Time 09:32:26:863	Sent topology to router 0

Time 09:32:26:863	Starting router 1...
Time 09:32:26:866	Connected to router 1
Time 09:32:26:866	Received from router 1: Hello manager!
Time 09:32:26:866	Sent topology to router 1

Time 09:32:26:867	Starting router 2...
Time 09:32:26:870	Connected to router 2
Time 09:32:26:870	Received from router 2: Hello manager!
Time 09:32:26:870	Sent topology to router 2

Time 09:32:26:870	Starting router 3...
Time 09:32:26:874	Connected to router 3
Time 09:32:26:874	Received from router 3: Hello manager!
Time 09:32:26:874	Sent topology to router 3

Time 09:32:29:882	Received from router 0: ready
Time 09:32:29:882	Received from router 1: ready
Time 09:32:29:882	Received from router 2: ready
Time 09:32:29:882	Received from router 3: ready

Time 09:32:29:882	Sending instructions to routers...

Time 09:32:29:883	Sent message to router 0: send packet to router 3
Time 09:32:34:883	Sent message to router 2: send packet to router 1

Time 09:32:49:888	Sent quit to router 0
Time 09:32:49:888	Sent quit to router 1
Time 09:32:49:888	Sent quit to router 2
Time 09:32:49:888	Sent quit to router 3

Time 09:32:49:900	Exiting manager...

