-----------------------ROUTER-----------------------

Time 09:32:26:875	Connected to manager

Time 09:32:26:875	Sent to manager: Hello manager!

Time 09:32:26:875	Received from manager: 
			ID: 2
			UDP Port: 40002
			Num Neighbors: 3
			My Neighbors: 
			ID: 0 Cost: 5 UDP Port: 40000
			ID: 1 Cost: 3 UDP Port: 40001
			ID: 3 Cost: 2 UDP Port: 40003

Time 09:32:29:867	Received router info from router 0
Time 09:32:29:867	Send router info to router 1
Time 09:32:29:867	Send router info to router 3
Time 09:32:29:867	Received router info from router 0
Time 09:32:29:871	Received router info from router 1
Time 09:32:29:871	Send router info to router 0
Time 09:32:29:871	Send router info to router 3
Time 09:32:29:871	Received router info from router 1
Time 09:32:29:875	Send router info to router 0
Time 09:32:29:875	Send router info to router 1
Time 09:32:29:875	Send router info to router 3
Time 09:32:29:879	Received router info from router 3
Time 09:32:29:880	Send router info to router 0
Time 09:32:29:882	Send router info to router 1

Time 09:32:29:882	Running link state algorithm...

Time 09:32:29:882	Routing table:
			ID	COST	NEXT HOP
			0	4	1
			1	3	1
			2	0	2
			3	2	3

Time 09:32:29:883	Received packet from router 1: send packet to router 3
Time 09:32:29:883	Sent packet to router 3: send packet to router 3
Time 09:32:34:883	Received from manager: send packet to router 1
Time 09:32:34:885	Sent packet to router 1: send packet to router 1
Time 09:32:49:888	Received from manager: Quit

Time 09:32:49:893	Exiting router...

