-----------------------ROUTER-----------------------

Connected to manager

Sent to manager: Hello manager!

Received from manager: 
	ID: 5
	UDP Port: 40005
	Num Neighbors: 1
	My Neighbors: 
	ID: 2 Cost: 6 UDP Port: 40002

Received router info from router 0
Received router info from router 1
Received router info from router 2
Received router info from router 3
Received router info from router 4
Send router info to router 2

Running link state algorithm...

Routing table:
ID	COST	NEXT HOP
0	9	2
1	9	2
2	6	2
3	9	2
4	7	2
5	0	5

Time: Sun Dec  4 23:58:46 2016
 Received packet from router: send packet to router 5
Packet destination reached
Time: Sun Dec  4 23:58:51 2016
 Received from manager: send packet to router 0
Time: Sun Dec  4 23:58:51 2016
 Sent packet to router 2: send packet to router 0
Time: Sun Dec  4 23:59:06 2016
 Received from manager: Quit

Exiting router...

