-----------------------ROUTER-----------------------

Connected to manager

Sent to manager: Hello manager!

Received from manager: 
	ID: 9
	UDP Port: 40009
	Num Neighbors: 5
	My Neighbors: 
	ID: 0 Cost: 40 UDP Port: 40000
	ID: 3 Cost: 20 UDP Port: 40003
	ID: 5 Cost: 70 UDP Port: 40005
	ID: 7 Cost: 60 UDP Port: 40007
	ID: 8 Cost: 70 UDP Port: 40008

Received router info from router 0
Send router info to router 3
Send router info to router 5
Send router info to router 7
Send router info to router 8
Received router info from router 0
Received router info from router 1
Send router info to router 0
Send router info to router 3
Send router info to router 5
Send router info to router 7
Received router info from router 1
Received router info from router 1
Received router info from router 2
Send router info to router 3
Send router info to router 5
Send router info to router 7
Send router info to router 8
Received router info from router 2
Received router info from router 3
Send router info to router 0
Send router info to router 3
Send router info to router 7
Send router info to router 8
Received router info from router 3
Received router info from router 3
Received router info from router 4
Send router info to router 3
Send router info to router 5
Send router info to router 7
Send router info to router 8
Received router info from router 4
Received router info from router 5
Send router info to router 0
Send router info to router 5
Send router info to router 7
Send router info to router 8
Received router info from router 5
Received router info from router 5
Received router info from router 5
Received router info from router 6
Send router info to router 3
Send router info to router 5
Send router info to router 7
Send router info to router 8
Received router info from router 6
Received router info from router 7
Send router info to router 3
Send router info to router 5
Send router info to router 7
Send router info to router 8
Received router info from router 7
Received router info from router 7
Received router info from router 7
Received router info from router 8
Send router info to router 0
Send router info to router 3
Send router info to router 5
Send router info to router 7
Send router info to router 0
Send router info to router 3
Send router info to router 5
Send router info to router 7
Send router info to router 8

Running link state algorithm...

Routing table:
ID	COST	NEXT HOP
0	40	9
1	140	8
2	80	0
3	20	9
4	100	0
5	70	9
6	140	4
7	60	9
8	70	9
9	0	9

Received message from neighbor: 
Sent instruction to router 9: 0
Received message from neighbor: 
Sent instruction to router 9: 0
Received message from neighbor: 	
Sent instruction to router 9: 0
Received message from neighbor: 	
Sent instruction to router 9: 0
Received message from neighbor: 	
Sent instruction to router 9: 0
Received message from neighbor: 	
Sent instruction to router 9: 0
Received message from neighbor: 	
Sent instruction to router 9: 0
Received message from neighbor: 	
Sent instruction to router 9: 0
Received message from neighbor: 	
Sent instruction to router 9: 0
Received message from neighbor: 	
Sent instruction to router 9: 0
Received message from neighbor: 8
Sent instruction to router 9: 8
Received instruction from manager: 0
Sent instruction to router 9: 0
Received instruction from manager: Quit
