-----------------------ROUTER-----------------------

Connected to manager

Sent to manager: Hello manager!

Received from manager: 
	ID: 6
	UDP Port: 40006
	Num Neighbors: 2
	My Neighbors: 
	ID: 2 Cost: 70 UDP Port: 40002
	ID: 4 Cost: 40 UDP Port: 40004

Received router info from router 0
Send router info to router 4
Received router info from router 0
Received router info from router 1
Send router info to router 4
Received router info from router 1
Received router info from router 2
Send router info to router 4
Received router info from router 2
Received router info from router 3
Send router info to router 2
Received router info from router 3
Received router info from router 4
Send router info to router 2
Received router info from router 4
Received router info from router 5
Send router info to router 2
Received router info from router 5
Send router info to router 2
Send router info to router 4
Received router info from router 7
Send router info to router 2
Received router info from router 7
Received router info from router 8
Send router info to router 4
Received router info from router 8
Received router info from router 9
Send router info to router 4

Running link state algorithm...

Routing table:
ID	COST	NEXT HOP
0	100	4
1	280	8
2	70	6
3	160	9
4	40	6
5	150	7
6	0	6
7	110	4
8	210	9
9	140	0

Received instruction from manager: 7
