-----------------------ROUTER-----------------------

Connected to manager

Sent to manager: Hello manager!

Received from manager: 
	ID: 4
	UDP Port: 40004
	Num Neighbors: 3
	My Neighbors: 
	ID: 0 Cost: 60 UDP Port: 40000
	ID: 6 Cost: 40 UDP Port: 40006
	ID: 7 Cost: 70 UDP Port: 40007

Received router info from router 0
Send router info to router 6
Send router info to router 7
Received router info from router 0
Received router info from router 1
Send router info to router 6
Send router info to router 7
Received router info from router 1
Received router info from router 1
Received router info from router 2
Send router info to router 6
Send router info to router 7
Received router info from router 2
Received router info from router 3
Send router info to router 0
Send router info to router 6
Received router info from router 3
Send router info to router 0
Send router info to router 6
Send router info to router 7
Received router info from router 5
Send router info to router 0
Send router info to router 6
Received router info from router 5
Received router info from router 6
Send router info to router 0
Send router info to router 7
Received router info from router 6
Received router info from router 7
Send router info to router 0
Send router info to router 6
Received router info from router 8
Send router info to router 6
Send router info to router 7
Received router info from router 8
Received router info from router 8
Received router info from router 9
Send router info to router 6
Send router info to router 7

Running link state algorithm...

Routing table:
ID	COST	NEXT HOP
0	60	4
1	240	8
2	100	0
3	120	9
4	0	4
5	110	7
6	40	4
7	70	4
8	170	9
9	100	0

Received instruction from manager: 5
