-----------------------ROUTER-----------------------

Time 09:32:26:879	Connected to manager

Time 09:32:26:879	Sent to manager: Hello manager!

Time 09:32:26:879	Received from manager: 
			ID: 3
			UDP Port: 40003
			Num Neighbors: 1
			My Neighbors: 
			ID: 2 Cost: 2 UDP Port: 40002

Time 09:32:29:867	Received router info from router 0
Time 09:32:29:871	Received router info from router 1
Time 09:32:29:875	Received router info from router 2
Time 09:32:29:879	Send router info to router 2

Time 09:32:29:880	Running link state algorithm...

Time 09:32:29:880	Routing table:
			ID	COST	NEXT HOP
			0	6	2
			1	5	2
			2	2	2
			3	0	3

Time 09:32:29:883	Received packet from router 2: send packet to router 3
Time 09:32:29:883	Packet destination reached
Time 09:32:49:888	Received from manager: Quit

Time 09:32:49:893	Exiting router...

