-----------------------ROUTER-----------------------

Connected to manager

Sent to manager: Hello manager!

Received from manager: 
	ID: 8
	UDP Port: 40008
	Num Neighbors: 3
	My Neighbors: 
	ID: 1 Cost: 70 UDP Port: 40001
	ID: 3 Cost: 70 UDP Port: 40003
	ID: 9 Cost: 70 UDP Port: 40009

Received router info from router 0
Send router info to router 1
Send router info to router 3
Received router info from router 0
Received router info from router 1
Send router info to router 3
Send router info to router 9
Received router info from router 2
Send router info to router 1
Send router info to router 3
Received router info from router 2
Received router info from router 3
Send router info to router 1
Send router info to router 3
Received router info from router 3
Received router info from router 4
Send router info to router 1
Send router info to router 3
Received router info from router 4
Received router info from router 5
Send router info to router 1
Send router info to router 9
Received router info from router 5
Received router info from router 6
Send router info to router 1
Send router info to router 3
Received router info from router 6
Received router info from router 7
Send router info to router 1
Send router info to router 3
Received router info from router 7
Send router info to router 1
Send router info to router 3
Send router info to router 9
Received router info from router 9
Send router info to router 1
Send router info to router 3

Running link state algorithm...

Routing table:
ID	COST	NEXT HOP
0	110	9
1	70	8
2	150	0
3	70	8
4	170	0
5	140	3
6	210	4
7	130	9
8	0	8
9	70	8

Received message from neighbor: 	
Sent instruction to router 9: 0
Received instruction from manager: 9
Sent instruction to router 8: 9
Received instruction from manager: Quit
